<?xml version="1.0" encoding="UTF-8"?>
<testsuite name="com.seguradora.sistema.api.SistemaApplicationTests" tests="1" skipped="0" failures="0" errors="0" timestamp="2020-08-21T16:30:05" hostname="JONATHAN-WISE" time="0.325">
  <properties/>
  <testcase name="contextLoads()" classname="com.seguradora.sistema.api.SistemaApplicationTests" time="0.325"/>
  <system-out><![CDATA[13:29:58.596 [Test worker] DEBUG org.springframework.test.context.BootstrapUtils - Instantiating CacheAwareContextLoaderDelegate from class [org.springframework.test.context.cache.DefaultCacheAwareContextLoaderDelegate]
13:29:58.617 [Test worker] DEBUG org.springframework.test.context.BootstrapUtils - Instantiating BootstrapContext using constructor [public org.springframework.test.context.support.DefaultBootstrapContext(java.lang.Class,org.springframework.test.context.CacheAwareContextLoaderDelegate)]
13:29:58.670 [Test worker] DEBUG org.springframework.test.context.BootstrapUtils - Instantiating TestContextBootstrapper for test class [com.seguradora.sistema.api.SistemaApplicationTests] from class [org.springframework.boot.test.context.SpringBootTestContextBootstrapper]
13:29:58.700 [Test worker] INFO org.springframework.boot.test.context.SpringBootTestContextBootstrapper - Neither @ContextConfiguration nor @ContextHierarchy found for test class [com.seguradora.sistema.api.SistemaApplicationTests], using SpringBootContextLoader
13:29:58.707 [Test worker] DEBUG org.springframework.test.context.support.AbstractContextLoader - Did not detect default resource location for test class [com.seguradora.sistema.api.SistemaApplicationTests]: class path resource [com/seguradora/sistema/api/SistemaApplicationTests-context.xml] does not exist
13:29:58.708 [Test worker] DEBUG org.springframework.test.context.support.AbstractContextLoader - Did not detect default resource location for test class [com.seguradora.sistema.api.SistemaApplicationTests]: class path resource [com/seguradora/sistema/api/SistemaApplicationTestsContext.groovy] does not exist
13:29:58.708 [Test worker] INFO org.springframework.test.context.support.AbstractContextLoader - Could not detect default resource locations for test class [com.seguradora.sistema.api.SistemaApplicationTests]: no resource found for suffixes {-context.xml, Context.groovy}.
13:29:58.709 [Test worker] INFO org.springframework.test.context.support.AnnotationConfigContextLoaderUtils - Could not detect default configuration classes for test class [com.seguradora.sistema.api.SistemaApplicationTests]: SistemaApplicationTests does not declare any static, non-private, non-final, nested classes annotated with @Configuration.
13:29:58.786 [Test worker] DEBUG org.springframework.test.context.support.ActiveProfilesUtils - Could not find an 'annotation declaring class' for annotation type [org.springframework.test.context.ActiveProfiles] and class [com.seguradora.sistema.api.SistemaApplicationTests]
13:29:58.910 [Test worker] DEBUG org.springframework.context.annotation.ClassPathScanningCandidateComponentProvider - Identified candidate component class: file [C:\Users\WISE\Downloads\sistema\sistema\build\classes\java\main\com\seguradora\sistema\api\SistemaApplication.class]
13:29:58.914 [Test worker] INFO org.springframework.boot.test.context.SpringBootTestContextBootstrapper - Found @SpringBootConfiguration com.seguradora.sistema.api.SistemaApplication for test class com.seguradora.sistema.api.SistemaApplicationTests
13:29:59.117 [Test worker] DEBUG org.springframework.boot.test.context.SpringBootTestContextBootstrapper - @TestExecutionListeners is not present for class [com.seguradora.sistema.api.SistemaApplicationTests]: using defaults.
13:29:59.119 [Test worker] INFO org.springframework.boot.test.context.SpringBootTestContextBootstrapper - Loaded default TestExecutionListener class names from location [META-INF/spring.factories]: [org.springframework.security.test.context.support.WithSecurityContextTestExecutionListener, org.springframework.security.test.context.support.ReactorContextTestExecutionListener, org.springframework.boot.test.autoconfigure.restdocs.RestDocsTestExecutionListener, org.springframework.boot.test.autoconfigure.web.client.MockRestServiceServerResetTestExecutionListener, org.springframework.boot.test.autoconfigure.web.servlet.MockMvcPrintOnlyOnFailureTestExecutionListener, org.springframework.boot.test.autoconfigure.web.servlet.WebDriverTestExecutionListener, org.springframework.boot.test.autoconfigure.webservices.client.MockWebServiceServerTestExecutionListener, org.springframework.boot.test.mock.mockito.MockitoTestExecutionListener, org.springframework.boot.test.mock.mockito.ResetMocksTestExecutionListener, org.springframework.test.context.web.ServletTestExecutionListener, org.springframework.test.context.support.DirtiesContextBeforeModesTestExecutionListener, org.springframework.test.context.support.DependencyInjectionTestExecutionListener, org.springframework.test.context.support.DirtiesContextTestExecutionListener, org.springframework.test.context.transaction.TransactionalTestExecutionListener, org.springframework.test.context.jdbc.SqlScriptsTestExecutionListener, org.springframework.test.context.event.EventPublishingTestExecutionListener]
13:29:59.175 [Test worker] INFO org.springframework.boot.test.context.SpringBootTestContextBootstrapper - Using TestExecutionListeners: [org.springframework.test.context.web.ServletTestExecutionListener@7cf14e91, org.springframework.test.context.support.DirtiesContextBeforeModesTestExecutionListener@14b1fec9, org.springframework.boot.test.mock.mockito.MockitoTestExecutionListener@76b768e1, org.springframework.boot.test.autoconfigure.SpringBootDependencyInjectionTestExecutionListener@4bf16b94, org.springframework.test.context.support.DirtiesContextTestExecutionListener@3d8221bd, org.springframework.test.context.transaction.TransactionalTestExecutionListener@265ec772, org.springframework.test.context.jdbc.SqlScriptsTestExecutionListener@6b635338, org.springframework.security.test.context.support.WithSecurityContextTestExecutionListener@2b0e280b, org.springframework.test.context.event.EventPublishingTestExecutionListener@72d6b1e, org.springframework.security.test.context.support.ReactorContextTestExecutionListener@579849de, org.springframework.boot.test.autoconfigure.restdocs.RestDocsTestExecutionListener@26932a86, org.springframework.boot.test.autoconfigure.web.client.MockRestServiceServerResetTestExecutionListener@7c87002f, org.springframework.boot.test.autoconfigure.web.servlet.MockMvcPrintOnlyOnFailureTestExecutionListener@101ef13a, org.springframework.boot.test.autoconfigure.web.servlet.WebDriverTestExecutionListener@55d9c5e, org.springframework.boot.test.autoconfigure.webservices.client.MockWebServiceServerTestExecutionListener@3aa55169, org.springframework.boot.test.mock.mockito.ResetMocksTestExecutionListener@7ee7b86a]
13:29:59.186 [Test worker] DEBUG org.springframework.test.context.support.AbstractDirtiesContextTestExecutionListener - Before test class: context [DefaultTestContext@404f7325 testClass = SistemaApplicationTests, testInstance = [null], testMethod = [null], testException = [null], mergedContextConfiguration = [WebMergedContextConfiguration@4ab31be4 testClass = SistemaApplicationTests, locations = '{}', classes = '{class com.seguradora.sistema.api.SistemaApplication}', contextInitializerClasses = '[]', activeProfiles = '{}', propertySourceLocations = '{}', propertySourceProperties = '{org.springframework.boot.test.context.SpringBootTestContextBootstrapper=true}', contextCustomizers = set[org.springframework.boot.test.autoconfigure.properties.PropertyMappingContextCustomizer@0, org.springframework.boot.test.autoconfigure.web.servlet.WebDriverContextCustomizerFactory$Customizer@1e6dc1fa, org.springframework.boot.test.context.filter.ExcludeFilterContextCustomizer@3d77ccbf, org.springframework.boot.test.json.DuplicateJsonObjectContextCustomizerFactory$DuplicateJsonObjectContextCustomizer@5e4a3fd5, org.springframework.boot.test.mock.mockito.MockitoContextCustomizer@0, org.springframework.boot.test.web.client.TestRestTemplateContextCustomizer@1c52f072, org.springframework.boot.test.context.SpringBootTestArgs@1], resourceBasePath = 'src/main/webapp', contextLoader = 'org.springframework.boot.test.context.SpringBootContextLoader', parent = [null]], attributes = map['org.springframework.test.context.web.ServletTestExecutionListener.activateListener' -> true]], class annotated with @DirtiesContext [false] with mode [null].
13:29:59.240 [Test worker] DEBUG org.springframework.test.context.support.TestPropertySourceUtils - Adding inlined properties to environment: {spring.jmx.enabled=false, org.springframework.boot.test.context.SpringBootTestContextBootstrapper=true}

  .   ____          _            __ _ _
 /\\ / ___'_ __ _ _(_)_ __  __ _ \ \ \ \
( ( )\___ | '_ | '_| | '_ \/ _` | \ \ \ \
 \\/  ___)| |_)| | | | | || (_| |  ) ) ) )
  '  |____| .__|_| |_|_| |_\__, | / / / /
 =========|_|==============|___/=/_/_/_/
 :: Spring Boot ::        (v2.3.3.RELEASE)

2020-08-21 13:29:59.626  INFO 13208 --- [    Test worker] c.s.sistema.api.SistemaApplicationTests  : Starting SistemaApplicationTests on JONATHAN-WISE with PID 13208 (started by WISE in C:\Users\WISE\Downloads\sistema\sistema)
2020-08-21 13:29:59.629  INFO 13208 --- [    Test worker] c.s.sistema.api.SistemaApplicationTests  : No active profile set, falling back to default profiles: default
2020-08-21 13:30:01.217  INFO 13208 --- [    Test worker] .s.d.r.c.RepositoryConfigurationDelegate : Bootstrapping Spring Data MongoDB repositories in DEFAULT mode.
2020-08-21 13:30:01.366  INFO 13208 --- [    Test worker] .s.d.r.c.RepositoryConfigurationDelegate : Finished Spring Data repository scanning in 139ms. Found 2 MongoDB repository interfaces.
2020-08-21 13:30:02.417  INFO 13208 --- [    Test worker] org.mongodb.driver.cluster               : Cluster created with settings {hosts=[localhost:27017], mode=SINGLE, requiredClusterType=UNKNOWN, serverSelectionTimeout='30000 ms'}
2020-08-21 13:30:02.600  INFO 13208 --- [localhost:27017] org.mongodb.driver.connection            : Opened connection [connectionId{localValue:1, serverValue:11}] to localhost:27017
2020-08-21 13:30:02.609  INFO 13208 --- [localhost:27017] org.mongodb.driver.cluster               : Monitor thread successfully connected to server with description ServerDescription{address=localhost:27017, type=STANDALONE, state=CONNECTED, ok=true, minWireVersion=0, maxWireVersion=9, maxDocumentSize=16777216, logicalSessionTimeoutMinutes=30, roundTripTimeNanos=5388200}
2020-08-21 13:30:03.634  INFO 13208 --- [    Test worker] o.s.s.web.DefaultSecurityFilterChain     : Creating filter chain: any request, [org.springframework.security.web.context.request.async.WebAsyncManagerIntegrationFilter@e6403f4, org.springframework.security.web.context.SecurityContextPersistenceFilter@767985f2, org.springframework.security.web.header.HeaderWriterFilter@b53fefd, org.springframework.web.filter.CorsFilter@35b50fd2, org.springframework.security.web.authentication.logout.LogoutFilter@31274c70, org.springframework.security.web.savedrequest.RequestCacheAwareFilter@579c69b2, org.springframework.security.web.servletapi.SecurityContextHolderAwareRequestFilter@17849d11, org.springframework.security.web.authentication.AnonymousAuthenticationFilter@258822a8, org.springframework.security.web.session.SessionManagementFilter@345ea290, org.springframework.security.web.access.ExceptionTranslationFilter@1aa5c023]
2020-08-21 13:30:04.538  INFO 13208 --- [    Test worker] o.s.s.concurrent.ThreadPoolTaskExecutor  : Initializing ExecutorService 'applicationTaskExecutor'
2020-08-21 13:30:05.199  INFO 13208 --- [    Test worker] c.s.sistema.api.SistemaApplicationTests  : Started SistemaApplicationTests in 5.946 seconds (JVM running for 8.281)
]]></system-out>
  <system-err><![CDATA[]]></system-err>
</testsuite>
